<?xml version="1.0" encoding="UTF-8"?>
<!-- Generated by org.testng.reporters.JUnitReportReporter -->
<testsuite hostname="DESKTOP-QJ1A9J0" failures="0" tests="3" name="tests.SuperPharm_Sanity" time="18.845" errors="0" timestamp="2021-02-14T16:37:19 IST" skipped="0">
  <testcase classname="tests.SuperPharm_Sanity" name="searchForProduct" time="5.192"/>
  <system-out/>
  <testcase classname="tests.SuperPharm_Sanity" name="addToCart" time="6.701"/>
  <system-out/>
  <testcase classname="tests.SuperPharm_Sanity" name="removeProductFromCart" time="6.952"/>
  <system-out/>
</testsuite> <!-- tests.SuperPharm_Sanity -->
